#
# A fatal error has been detected by the Java Runtime Environment:
#
#  Internal Error (./open/src/hotspot/share/interpreter/oopMapCache.cpp:111), pid=9664, tid=3484
#  Error: ShouldNotReachHere()
#
# JRE version: Java(TM) SE Runtime Environment (15.0.2+7) (build 15.0.2+7-27)
# Java VM: Java HotSpot(TM) 64-Bit Server VM (15.0.2+7-27, mixed mode, sharing, tiered, compressed oops, g1 gc, windows-amd64)
# No core dump will be written. Minidumps are not enabled by default on client versions of Windows
#
# If you would like to submit a bug report, please visit:
#   https://bugreport.java.com/bugreport/crash.jsp
#

---------------  S U M M A R Y ------------

Command Line: -XX:+ShowCodeDetailsInExceptionMessages -agentlib:jdwp=transport=dt_socket,suspend=y,address=localhost:55503 -javaagent:C:\Users\sushi\eclipse\java-2020-12\eclipse\configuration\org.eclipse.osgi\220\0\.cp\lib\javaagent-shaded.jar -Dfile.encoding=Cp1252 com.assignment_17.App

Host: Intel(R) Core(TM) i7-10510U CPU @ 1.80GHz, 8 cores, 11G,  Windows 10 , 64 bit Build 21343 (10.0.21343.1000)
Time: Mon Apr  5 17:16:20 2021 Central Daylight Time elapsed time: 469.687964 seconds (0d 0h 7m 49s)

---------------  T H R E A D  ---------------

Current thread (0x000002666a282780):  JavaThread "JDWP Transport Listener: dt_socket" daemon [_thread_in_vm, id=3484, stack(0x0000009c24600000,0x0000009c24700000)] _threads_hazard_ptr=0x000002666a1effc0

Stack: [0x0000009c24600000,0x0000009c24700000]
Native frames: (J=compiled Java code, j=interpreted, Vv=VM code, C=native code)
V  [jvm.dll+0x62ae9a]
V  [jvm.dll+0x7817a9]
V  [jvm.dll+0x782f03]
V  [jvm.dll+0x783517]
V  [jvm.dll+0x21628c]
V  [jvm.dll+0x2161d3]
V  [jvm.dll+0x619eea]
V  [jvm.dll+0x619ba3]
V  [jvm.dll+0x5df278]
V  [jvm.dll+0x77876f]
V  [jvm.dll+0x4f02e1]
V  [jvm.dll+0x7882b5]
V  [jvm.dll+0x4d3f00]
V  [jvm.dll+0x4956db]
C  [jdwp.dll+0x8221]


---------------  P R O C E S S  ---------------

Threads class SMR info:
_java_thread_list=0x000002666a1effc0, length=14, elements={
0x0000026646705670, 0x0000026669671aa0, 0x0000026669672670, 0x00000266696909c0,
0x0000026669693290, 0x0000026669695b60, 0x0000026669698810, 0x000002666969c7b0,
0x00000266696a75f0, 0x000002666a0fa420, 0x000002666a282780, 0x000002666a1ae560,
0x00000266466eec60, 0x000002666a300be0
}

Java Threads: ( => current thread )
  0x0000026646705670 JavaThread "main" [_thread_blocked, id=17236, stack(0x0000009c23600000,0x0000009c23700000)]
  0x0000026669671aa0 JavaThread "Reference Handler" daemon [_thread_blocked, id=11536, stack(0x0000009c23d00000,0x0000009c23e00000)]
  0x0000026669672670 JavaThread "Finalizer" daemon [_thread_blocked, id=1332, stack(0x0000009c23e00000,0x0000009c23f00000)]
  0x00000266696909c0 JavaThread "Signal Dispatcher" daemon [_thread_blocked, id=4956, stack(0x0000009c23f00000,0x0000009c24000000)]
  0x0000026669693290 JavaThread "Attach Listener" daemon [_thread_blocked, id=1620, stack(0x0000009c24000000,0x0000009c24100000)]
  0x0000026669695b60 JavaThread "Service Thread" daemon [_thread_blocked, id=6224, stack(0x0000009c24100000,0x0000009c24200000)]
  0x0000026669698810 JavaThread "C2 CompilerThread0" daemon [_thread_blocked, id=9788, stack(0x0000009c24200000,0x0000009c24300000)]
  0x000002666969c7b0 JavaThread "C1 CompilerThread0" daemon [_thread_blocked, id=17260, stack(0x0000009c24300000,0x0000009c24400000)]
  0x00000266696a75f0 JavaThread "Sweeper thread" daemon [_thread_blocked, id=9900, stack(0x0000009c24400000,0x0000009c24500000)]
  0x000002666a0fa420 JavaThread "Common-Cleaner" daemon [_thread_blocked, id=13296, stack(0x0000009c24500000,0x0000009c24600000)]
=>0x000002666a282780 JavaThread "JDWP Transport Listener: dt_socket" daemon [_thread_in_vm, id=3484, stack(0x0000009c24600000,0x0000009c24700000)] _threads_hazard_ptr=0x000002666a1effc0
  0x000002666a1ae560 JavaThread "JDWP Event Helper Thread" daemon [_thread_blocked, id=12168, stack(0x0000009c24700000,0x0000009c24800000)]
  0x00000266466eec60 JavaThread "JDWP Command Reader" daemon [_thread_in_native, id=11844, stack(0x0000009c24800000,0x0000009c24900000)]
  0x000002666a300be0 JavaThread "Notification Thread" daemon [_thread_blocked, id=16480, stack(0x0000009c24a00000,0x0000009c24b00000)]

Other Threads:
  0x000002666966e210 VMThread "VM Thread" [stack: 0x0000009c23c00000,0x0000009c23d00000] [id=14192]
  0x000002666a3010b0 WatcherThread [stack: 0x0000009c24b00000,0x0000009c24c00000] [id=13468]
  0x0000026646746730 GCTaskThread "GC Thread#0" [stack: 0x0000009c23700000,0x0000009c23800000] [id=7332]
  0x0000026646753cf0 ConcurrentGCThread "G1 Main Marker" [stack: 0x0000009c23800000,0x0000009c23900000] [id=6200]
  0x00000266467548e0 ConcurrentGCThread "G1 Conc#0" [stack: 0x0000009c23900000,0x0000009c23a00000] [id=16440]
  0x00000266467c3ad0 ConcurrentGCThread "G1 Refine#0" [stack: 0x0000009c23a00000,0x0000009c23b00000] [id=15492]
  0x00000266694f2710 ConcurrentGCThread "G1 Young RemSet Sampling" [stack: 0x0000009c23b00000,0x0000009c23c00000] [id=11148]

Threads with active compile tasks:

VM state: not at safepoint (normal execution)

VM Mutex/Monitor currently owned by a thread: None

Heap address: 0x0000000743200000, size: 3022 MB, Compressed Oops mode: Zero based, Oop shift amount: 3
CDS archive(s) mapped at: [0x0000000800000000-0x0000000800b50000-0x0000000800b50000), size 11862016, SharedBaseAddress: 0x0000000800000000, ArchiveRelocationMode: 0.
Compressed class space mapped at: 0x0000000800b50000-0x0000000840b50000, size: 1073741824
Narrow klass base: 0x0000000800000000, Narrow klass shift: 3, Narrow klass range: 0x100000000

GC Precious Log:
 CPUs: 8 total, 8 available
 Memory: 12084M
 Large Page Support: Disabled
 NUMA Support: Disabled
 Compressed Oops: Enabled (Zero based)
 Heap Region Size: 2M
 Heap Min Capacity: 8M
 Heap Initial Capacity: 190M
 Heap Max Capacity: 3022M
 Pre-touch: Disabled
 Parallel Workers: 8
 Concurrent Workers: 2
 Concurrent Refinement Workers: 8
 Periodic GC: Disabled

Heap:
 garbage-first heap   total 194560K, used 6144K [0x0000000743200000, 0x0000000800000000)
  region size 2048K, 4 young (8192K), 0 survivors (0K)
 Metaspace       used 2953K, capacity 4812K, committed 5120K, reserved 1056768K
  class space    used 274K, capacity 431K, committed 512K, reserved 1048576K

Heap Regions: E=young(eden), S=young(survivor), O=old, HS=humongous(starts), HC=humongous(continues), CS=collection set, F=free, OA=open archive, CA=closed archive, TAMS=top-at-mark-start (previous, next)
|   0|0x0000000743200000, 0x0000000743200000, 0x0000000743400000|  0%| F|  |TAMS 0x0000000743200000, 0x0000000743200000| Untracked 
|   1|0x0000000743400000, 0x0000000743400000, 0x0000000743600000|  0%| F|  |TAMS 0x0000000743400000, 0x0000000743400000| Untracked 
|   2|0x0000000743600000, 0x0000000743600000, 0x0000000743800000|  0%| F|  |TAMS 0x0000000743600000, 0x0000000743600000| Untracked 
|   3|0x0000000743800000, 0x0000000743800000, 0x0000000743a00000|  0%| F|  |TAMS 0x0000000743800000, 0x0000000743800000| Untracked 
|   4|0x0000000743a00000, 0x0000000743a00000, 0x0000000743c00000|  0%| F|  |TAMS 0x0000000743a00000, 0x0000000743a00000| Untracked 
|   5|0x0000000743c00000, 0x0000000743c00000, 0x0000000743e00000|  0%| F|  |TAMS 0x0000000743c00000, 0x0000000743c00000| Untracked 
|   6|0x0000000743e00000, 0x0000000743e00000, 0x0000000744000000|  0%| F|  |TAMS 0x0000000743e00000, 0x0000000743e00000| Untracked 
|   7|0x0000000744000000, 0x0000000744000000, 0x0000000744200000|  0%| F|  |TAMS 0x0000000744000000, 0x0000000744000000| Untracked 
|   8|0x0000000744200000, 0x0000000744200000, 0x0000000744400000|  0%| F|  |TAMS 0x0000000744200000, 0x0000000744200000| Untracked 
|   9|0x0000000744400000, 0x0000000744400000, 0x0000000744600000|  0%| F|  |TAMS 0x0000000744400000, 0x0000000744400000| Untracked 
|  10|0x0000000744600000, 0x0000000744600000, 0x0000000744800000|  0%| F|  |TAMS 0x0000000744600000, 0x0000000744600000| Untracked 
|  11|0x0000000744800000, 0x0000000744800000, 0x0000000744a00000|  0%| F|  |TAMS 0x0000000744800000, 0x0000000744800000| Untracked 
|  12|0x0000000744a00000, 0x0000000744a00000, 0x0000000744c00000|  0%| F|  |TAMS 0x0000000744a00000, 0x0000000744a00000| Untracked 
|  13|0x0000000744c00000, 0x0000000744c00000, 0x0000000744e00000|  0%| F|  |TAMS 0x0000000744c00000, 0x0000000744c00000| Untracked 
|  14|0x0000000744e00000, 0x0000000744e00000, 0x0000000745000000|  0%| F|  |TAMS 0x0000000744e00000, 0x0000000744e00000| Untracked 
|  15|0x0000000745000000, 0x0000000745000000, 0x0000000745200000|  0%| F|  |TAMS 0x0000000745000000, 0x0000000745000000| Untracked 
|  16|0x0000000745200000, 0x0000000745200000, 0x0000000745400000|  0%| F|  |TAMS 0x0000000745200000, 0x0000000745200000| Untracked 
|  17|0x0000000745400000, 0x0000000745400000, 0x0000000745600000|  0%| F|  |TAMS 0x0000000745400000, 0x0000000745400000| Untracked 
|  18|0x0000000745600000, 0x0000000745600000, 0x0000000745800000|  0%| F|  |TAMS 0x0000000745600000, 0x0000000745600000| Untracked 
|  19|0x0000000745800000, 0x0000000745800000, 0x0000000745a00000|  0%| F|  |TAMS 0x0000000745800000, 0x0000000745800000| Untracked 
|  20|0x0000000745a00000, 0x0000000745a00000, 0x0000000745c00000|  0%| F|  |TAMS 0x0000000745a00000, 0x0000000745a00000| Untracked 
|  21|0x0000000745c00000, 0x0000000745c00000, 0x0000000745e00000|  0%| F|  |TAMS 0x0000000745c00000, 0x0000000745c00000| Untracked 
|  22|0x0000000745e00000, 0x0000000745e00000, 0x0000000746000000|  0%| F|  |TAMS 0x0000000745e00000, 0x0000000745e00000| Untracked 
|  23|0x0000000746000000, 0x0000000746000000, 0x0000000746200000|  0%| F|  |TAMS 0x0000000746000000, 0x0000000746000000| Untracked 
|  24|0x0000000746200000, 0x0000000746200000, 0x0000000746400000|  0%| F|  |TAMS 0x0000000746200000, 0x0000000746200000| Untracked 
|  25|0x0000000746400000, 0x0000000746400000, 0x0000000746600000|  0%| F|  |TAMS 0x0000000746400000, 0x0000000746400000| Untracked 
|  26|0x0000000746600000, 0x0000000746600000, 0x0000000746800000|  0%| F|  |TAMS 0x0000000746600000, 0x0000000746600000| Untracked 
|  27|0x0000000746800000, 0x0000000746800000, 0x0000000746a00000|  0%| F|  |TAMS 0x0000000746800000, 0x0000000746800000| Untracked 
|  28|0x0000000746a00000, 0x0000000746a00000, 0x0000000746c00000|  0%| F|  |TAMS 0x0000000746a00000, 0x0000000746a00000| Untracked 
|  29|0x0000000746c00000, 0x0000000746c00000, 0x0000000746e00000|  0%| F|  |TAMS 0x0000000746c00000, 0x0000000746c00000| Untracked 
|  30|0x0000000746e00000, 0x0000000746e00000, 0x0000000747000000|  0%| F|  |TAMS 0x0000000746e00000, 0x0000000746e00000| Untracked 
|  31|0x0000000747000000, 0x0000000747000000, 0x0000000747200000|  0%| F|  |TAMS 0x0000000747000000, 0x0000000747000000| Untracked 
|  32|0x0000000747200000, 0x0000000747200000, 0x0000000747400000|  0%| F|  |TAMS 0x0000000747200000, 0x0000000747200000| Untracked 
|  33|0x0000000747400000, 0x0000000747400000, 0x0000000747600000|  0%| F|  |TAMS 0x0000000747400000, 0x0000000747400000| Untracked 
|  34|0x0000000747600000, 0x0000000747600000, 0x0000000747800000|  0%| F|  |TAMS 0x0000000747600000, 0x0000000747600000| Untracked 
|  35|0x0000000747800000, 0x0000000747800000, 0x0000000747a00000|  0%| F|  |TAMS 0x0000000747800000, 0x0000000747800000| Untracked 
|  36|0x0000000747a00000, 0x0000000747a00000, 0x0000000747c00000|  0%| F|  |TAMS 0x0000000747a00000, 0x0000000747a00000| Untracked 
|  37|0x0000000747c00000, 0x0000000747c00000, 0x0000000747e00000|  0%| F|  |TAMS 0x0000000747c00000, 0x0000000747c00000| Untracked 
|  38|0x0000000747e00000, 0x0000000747e00000, 0x0000000748000000|  0%| F|  |TAMS 0x0000000747e00000, 0x0000000747e00000| Untracked 
|  39|0x0000000748000000, 0x0000000748000000, 0x0000000748200000|  0%| F|  |TAMS 0x0000000748000000, 0x0000000748000000| Untracked 
|  40|0x0000000748200000, 0x0000000748200000, 0x0000000748400000|  0%| F|  |TAMS 0x0000000748200000, 0x0000000748200000| Untracked 
|  41|0x0000000748400000, 0x0000000748400000, 0x0000000748600000|  0%| F|  |TAMS 0x0000000748400000, 0x0000000748400000| Untracked 
|  42|0x0000000748600000, 0x0000000748600000, 0x0000000748800000|  0%| F|  |TAMS 0x0000000748600000, 0x0000000748600000| Untracked 
|  43|0x0000000748800000, 0x0000000748800000, 0x0000000748a00000|  0%| F|  |TAMS 0x0000000748800000, 0x0000000748800000| Untracked 
|  44|0x0000000748a00000, 0x0000000748a00000, 0x0000000748c00000|  0%| F|  |TAMS 0x0000000748a00000, 0x0000000748a00000| Untracked 
|  45|0x0000000748c00000, 0x0000000748c00000, 0x0000000748e00000|  0%| F|  |TAMS 0x0000000748c00000, 0x0000000748c00000| Untracked 
|  46|0x0000000748e00000, 0x0000000748e00000, 0x0000000749000000|  0%| F|  |TAMS 0x0000000748e00000, 0x0000000748e00000| Untracked 
|  47|0x0000000749000000, 0x0000000749000000, 0x0000000749200000|  0%| F|  |TAMS 0x0000000749000000, 0x0000000749000000| Untracked 
|  48|0x0000000749200000, 0x0000000749200000, 0x0000000749400000|  0%| F|  |TAMS 0x0000000749200000, 0x0000000749200000| Untracked 
|  49|0x0000000749400000, 0x0000000749400000, 0x0000000749600000|  0%| F|  |TAMS 0x0000000749400000, 0x0000000749400000| Untracked 
|  50|0x0000000749600000, 0x0000000749600000, 0x0000000749800000|  0%| F|  |TAMS 0x0000000749600000, 0x0000000749600000| Untracked 
|  51|0x0000000749800000, 0x0000000749800000, 0x0000000749a00000|  0%| F|  |TAMS 0x0000000749800000, 0x0000000749800000| Untracked 
|  52|0x0000000749a00000, 0x0000000749a00000, 0x0000000749c00000|  0%| F|  |TAMS 0x0000000749a00000, 0x0000000749a00000| Untracked 
|  53|0x0000000749c00000, 0x0000000749c00000, 0x0000000749e00000|  0%| F|  |TAMS 0x0000000749c00000, 0x0000000749c00000| Untracked 
|  54|0x0000000749e00000, 0x0000000749e00000, 0x000000074a000000|  0%| F|  |TAMS 0x0000000749e00000, 0x0000000749e00000| Untracked 
|  55|0x000000074a000000, 0x000000074a000000, 0x000000074a200000|  0%| F|  |TAMS 0x000000074a000000, 0x000000074a000000| Untracked 
|  56|0x000000074a200000, 0x000000074a200000, 0x000000074a400000|  0%| F|  |TAMS 0x000000074a200000, 0x000000074a200000| Untracked 
|  57|0x000000074a400000, 0x000000074a400000, 0x000000074a600000|  0%| F|  |TAMS 0x000000074a400000, 0x000000074a400000| Untracked 
|  58|0x000000074a600000, 0x000000074a600000, 0x000000074a800000|  0%| F|  |TAMS 0x000000074a600000, 0x000000074a600000| Untracked 
|  59|0x000000074a800000, 0x000000074a800000, 0x000000074aa00000|  0%| F|  |TAMS 0x000000074a800000, 0x000000074a800000| Untracked 
|  60|0x000000074aa00000, 0x000000074aa00000, 0x000000074ac00000|  0%| F|  |TAMS 0x000000074aa00000, 0x000000074aa00000| Untracked 
|  61|0x000000074ac00000, 0x000000074ac00000, 0x000000074ae00000|  0%| F|  |TAMS 0x000000074ac00000, 0x000000074ac00000| Untracked 
|  62|0x000000074ae00000, 0x000000074ae00000, 0x000000074b000000|  0%| F|  |TAMS 0x000000074ae00000, 0x000000074ae00000| Untracked 
|  63|0x000000074b000000, 0x000000074b000000, 0x000000074b200000|  0%| F|  |TAMS 0x000000074b000000, 0x000000074b000000| Untracked 
|  64|0x000000074b200000, 0x000000074b200000, 0x000000074b400000|  0%| F|  |TAMS 0x000000074b200000, 0x000000074b200000| Untracked 
|  65|0x000000074b400000, 0x000000074b400000, 0x000000074b600000|  0%| F|  |TAMS 0x000000074b400000, 0x000000074b400000| Untracked 
|  66|0x000000074b600000, 0x000000074b600000, 0x000000074b800000|  0%| F|  |TAMS 0x000000074b600000, 0x000000074b600000| Untracked 
|  67|0x000000074b800000, 0x000000074b800000, 0x000000074ba00000|  0%| F|  |TAMS 0x000000074b800000, 0x000000074b800000| Untracked 
|  68|0x000000074ba00000, 0x000000074ba00000, 0x000000074bc00000|  0%| F|  |TAMS 0x000000074ba00000, 0x000000074ba00000| Untracked 
|  69|0x000000074bc00000, 0x000000074bc00000, 0x000000074be00000|  0%| F|  |TAMS 0x000000074bc00000, 0x000000074bc00000| Untracked 
|  70|0x000000074be00000, 0x000000074be00000, 0x000000074c000000|  0%| F|  |TAMS 0x000000074be00000, 0x000000074be00000| Untracked 
|  71|0x000000074c000000, 0x000000074c000000, 0x000000074c200000|  0%| F|  |TAMS 0x000000074c000000, 0x000000074c000000| Untracked 
|  72|0x000000074c200000, 0x000000074c200000, 0x000000074c400000|  0%| F|  |TAMS 0x000000074c200000, 0x000000074c200000| Untracked 
|  73|0x000000074c400000, 0x000000074c400000, 0x000000074c600000|  0%| F|  |TAMS 0x000000074c400000, 0x000000074c400000| Untracked 
|  74|0x000000074c600000, 0x000000074c600000, 0x000000074c800000|  0%| F|  |TAMS 0x000000074c600000, 0x000000074c600000| Untracked 
|  75|0x000000074c800000, 0x000000074c800000, 0x000000074ca00000|  0%| F|  |TAMS 0x000000074c800000, 0x000000074c800000| Untracked 
|  76|0x000000074ca00000, 0x000000074ca00000, 0x000000074cc00000|  0%| F|  |TAMS 0x000000074ca00000, 0x000000074ca00000| Untracked 
|  77|0x000000074cc00000, 0x000000074cc00000, 0x000000074ce00000|  0%| F|  |TAMS 0x000000074cc00000, 0x000000074cc00000| Untracked 
|  78|0x000000074ce00000, 0x000000074ce00000, 0x000000074d000000|  0%| F|  |TAMS 0x000000074ce00000, 0x000000074ce00000| Untracked 
|  79|0x000000074d000000, 0x000000074d000000, 0x000000074d200000|  0%| F|  |TAMS 0x000000074d000000, 0x000000074d000000| Untracked 
|  80|0x000000074d200000, 0x000000074d200000, 0x000000074d400000|  0%| F|  |TAMS 0x000000074d200000, 0x000000074d200000| Untracked 
|  81|0x000000074d400000, 0x000000074d400000, 0x000000074d600000|  0%| F|  |TAMS 0x000000074d400000, 0x000000074d400000| Untracked 
|  82|0x000000074d600000, 0x000000074d600000, 0x000000074d800000|  0%| F|  |TAMS 0x000000074d600000, 0x000000074d600000| Untracked 
|  83|0x000000074d800000, 0x000000074d800000, 0x000000074da00000|  0%| F|  |TAMS 0x000000074d800000, 0x000000074d800000| Untracked 
|  84|0x000000074da00000, 0x000000074da00000, 0x000000074dc00000|  0%| F|  |TAMS 0x000000074da00000, 0x000000074da00000| Untracked 
|  85|0x000000074dc00000, 0x000000074dc00000, 0x000000074de00000|  0%| F|  |TAMS 0x000000074dc00000, 0x000000074dc00000| Untracked 
|  86|0x000000074de00000, 0x000000074de00000, 0x000000074e000000|  0%| F|  |TAMS 0x000000074de00000, 0x000000074de00000| Untracked 
|  87|0x000000074e000000, 0x000000074e000000, 0x000000074e200000|  0%| F|  |TAMS 0x000000074e000000, 0x000000074e000000| Untracked 
|  88|0x000000074e200000, 0x000000074e200000, 0x000000074e400000|  0%| F|  |TAMS 0x000000074e200000, 0x000000074e200000| Untracked 
|  89|0x000000074e400000, 0x000000074e400000, 0x000000074e600000|  0%| F|  |TAMS 0x000000074e400000, 0x000000074e400000| Untracked 
|  90|0x000000074e600000, 0x000000074e600000, 0x000000074e800000|  0%| F|  |TAMS 0x000000074e600000, 0x000000074e600000| Untracked 
|  91|0x000000074e800000, 0x000000074e871348, 0x000000074ea00000| 22%| E|  |TAMS 0x000000074e800000, 0x000000074e800000| Complete 
|  92|0x000000074ea00000, 0x000000074ec00000, 0x000000074ec00000|100%| E|CS|TAMS 0x000000074ea00000, 0x000000074ea00000| Complete 
|  93|0x000000074ec00000, 0x000000074ee00000, 0x000000074ee00000|100%| E|CS|TAMS 0x000000074ec00000, 0x000000074ec00000| Complete 
|  94|0x000000074ee00000, 0x000000074f000000, 0x000000074f000000|100%| E|CS|TAMS 0x000000074ee00000, 0x000000074ee00000| Complete 

Card table byte_map: [0x0000026660160000,0x0000026660750000] _byte_map_base: 0x000002665c747000

Marking Bits (Prev, Next): (CMBitMap*) 0x0000026646746f20, (CMBitMap*) 0x0000026646746f60
 Prev Bits: [0x0000026660d40000, 0x0000026663c78000)
 Next Bits: [0x0000026663c80000, 0x0000026666bb8000)

Polling page: 0x00000266467d0000

Metaspace:

Usage:
  Non-class:      4.28 MB capacity,     2.62 MB ( 61%) used,     1.66 MB ( 39%) free+waste,     1.19 KB ( <1%) overhead. 
      Class:    431.00 KB capacity,   274.91 KB ( 64%) used,   155.34 KB ( 36%) free+waste,   768 bytes ( <1%) overhead. 
       Both:      4.70 MB capacity,     2.88 MB ( 61%) used,     1.81 MB ( 39%) free+waste,     1.94 KB ( <1%) overhead. 

Virtual space:
  Non-class space:        8.00 MB reserved,       4.50 MB ( 56%) committed 
      Class space:        1.00 GB reserved,     512.00 KB ( <1%) committed 
             Both:        1.01 GB reserved,       5.00 MB ( <1%) committed 

Chunk freelists:
   Non-Class:  35.00 KB
       Class:  17.00 KB
        Both:  52.00 KB

MaxMetaspaceSize: 17179869184.00 GB
CompressedClassSpaceSize: 1.00 GB

CodeHeap 'non-profiled nmethods': size=120000Kb used=158Kb max_used=158Kb free=119841Kb
 bounds [0x0000026657be0000, 0x0000026657e50000, 0x000002665f110000]
CodeHeap 'profiled nmethods': size=120000Kb used=651Kb max_used=651Kb free=119348Kb
 bounds [0x00000266506b0000, 0x0000026650920000, 0x0000026657be0000]
CodeHeap 'non-nmethods': size=5760Kb used=1231Kb max_used=1256Kb free=4528Kb
 bounds [0x0000026650110000, 0x0000026650380000, 0x00000266506b0000]
 total_blobs=883 nmethods=486 adapters=310
 compilation: enabled
              stopped_count=0, restarted_count=0
 full_count=0

Compilation events (20 events):
Event: 348.247 Thread 0x000002666969c7b0  479       3       org.eclipse.jdt.launching.internal.org.objectweb.asm.Symbol::<init> (38 bytes)
Event: 348.249 Thread 0x000002666969c7b0 

Event: 348.249 Thread 0x000002666969c7b0  480       3       org.eclipse.jdt.launching.internal.org.objectweb.asm.SymbolTable::add (39 bytes)
Event: 348.250 Thread 0x000002666969c7b0 nmethod 480 0x0000026650750710 code [0x00000266507508c0, 0x0000026650750c38]
Event: 426.755 Thread 0x000002666969c7b0  481       1       sun.instrument.TransformerManager$TransformerInfo::transformer (5 bytes)
Event: 426.755 Thread 0x000002666969c7b0 nmethod 481 0x0000026657c07810 code [0x0000026657c079a0, 0x0000026657c07a58]
Event: 426.755 Thread 0x000002666969c7b0  484       3       org.eclipse.jdt.launching.internal.org.objectweb.asm.ClassReader::readUtf (161 bytes)
Event: 426.757 Thread 0x000002666969c7b0 

Event: 426.757 Thread 0x000002666969c7b0  483       3       java.lang.StringUTF16::compress (20 bytes)
Event: 426.757 Thread 0x000002666969c7b0 nmethod 483 0x0000026650750d90 code [0x0000026650750f40, 0x0000026650751168]
Event: 426.757 Thread 0x000002666969c7b0  482       3       org.eclipse.jdt.launching.internal.org.objectweb.asm.ClassReader::readUTF8 (23 bytes)
Event: 426.757 Thread 0x000002666969c7b0 nmethod 482 0x0000026650751210 code [0x00000266507513c0, 0x00000266507515f8]
Event: 467.226 Thread 0x000002666969c7b0  487       3       org.eclipse.jdt.launching.internal.org.objectweb.asm.ClassReader::readUtf (161 bytes)
Event: 467.227 Thread 0x000002666969c7b0 nmethod 487 0x0000026650751710 code [0x00000266507518e0, 0x0000026650751d88]
Event: 467.227 Thread 0x000002666969c7b0  485       3       org.eclipse.jdt.launching.internal.org.objectweb.asm.Symbol::<init> (38 bytes)
Event: 467.227 Thread 0x000002666969c7b0 nmethod 485 0x0000026650752090 code [0x0000026650752240, 0x00000266507524d8]
Event: 467.227 Thread 0x000002666969c7b0  486       3       java.lang.String::rangeCheck (9 bytes)
Event: 467.227 Thread 0x000002666969c7b0 nmethod 486 0x0000026650752610 code [0x00000266507527c0, 0x00000266507528e8]
Event: 467.227 Thread 0x000002666969c7b0  488       3       org.eclipse.jdt.launching.internal.org.objectweb.asm.SymbolTable::hash (10 bytes)
Event: 467.227 Thread 0x000002666969c7b0 nmethod 488 0x0000026650752990 code [0x0000026650752b40, 0x0000026650752c68]

GC Heap History (0 events):
No events

Deoptimization events (20 events):
Event: 0.363 Thread 0x0000026646705670 DEOPT PACKING pc=0x00000266507204b8 sp=0x0000009c236fbd10
Event: 0.363 Thread 0x0000026646705670 DEOPT UNPACKING pc=0x000002665015e23f sp=0x0000009c236fb1d8 mode 0
Event: 0.363 Thread 0x0000026646705670 DEOPT PACKING pc=0x00000266507204b8 sp=0x0000009c236fbd10
Event: 0.363 Thread 0x0000026646705670 DEOPT UNPACKING pc=0x000002665015e23f sp=0x0000009c236fb1d8 mode 0
Event: 0.371 Thread 0x0000026646705670 DEOPT PACKING pc=0x00000266507204b8 sp=0x0000009c236f7e20
Event: 0.371 Thread 0x0000026646705670 DEOPT UNPACKING pc=0x000002665015e23f sp=0x0000009c236f72e8 mode 0
Event: 0.372 Thread 0x0000026646705670 DEOPT PACKING pc=0x00000266507204b8 sp=0x0000009c236f7e20
Event: 0.372 Thread 0x0000026646705670 DEOPT UNPACKING pc=0x000002665015e23f sp=0x0000009c236f72e8 mode 0
Event: 0.372 Thread 0x0000026646705670 DEOPT PACKING pc=0x00000266507204b8 sp=0x0000009c236f7e20
Event: 0.372 Thread 0x0000026646705670 DEOPT UNPACKING pc=0x000002665015e23f sp=0x0000009c236f72e8 mode 0
Event: 0.373 Thread 0x0000026646705670 DEOPT PACKING pc=0x00000266507206ed sp=0x0000009c236f7e20
Event: 0.373 Thread 0x0000026646705670 DEOPT UNPACKING pc=0x000002665015e23f sp=0x0000009c236f72e8 mode 0
Event: 0.406 Thread 0x0000026646705670 Uncommon trap: trap_request=0xffffff45 fr.pc=0x0000026657befb5c relative=0x000000000000005c
Event: 0.406 Thread 0x0000026646705670 Uncommon trap: reason=unstable_if action=reinterpret pc=0x0000026657befb5c method=java.lang.String.isLatin1()Z @ 10 c2
Event: 0.406 Thread 0x0000026646705670 DEOPT PACKING pc=0x0000026657befb5c sp=0x0000009c236fefd0
Event: 0.406 Thread 0x0000026646705670 DEOPT UNPACKING pc=0x000002665015e42f sp=0x0000009c236fef70 mode 2
Event: 0.406 Thread 0x0000026646705670 Uncommon trap: trap_request=0xffffff45 fr.pc=0x0000026657bf2fc4 relative=0x0000000000000044
Event: 0.406 Thread 0x0000026646705670 Uncommon trap: reason=unstable_if action=reinterpret pc=0x0000026657bf2fc4 method=java.lang.CharacterData.of(I)Ljava/lang/CharacterData; @ 4 c2
Event: 0.406 Thread 0x0000026646705670 DEOPT PACKING pc=0x0000026657bf2fc4 sp=0x0000009c236feb00
Event: 0.406 Thread 0x0000026646705670 DEOPT UNPACKING pc=0x000002665015e42f sp=0x0000009c236feaa0 mode 2

Classes unloaded (0 events):
No events

Classes redefined (3 events):
Event: 348.248 Thread 0x000002666966e210 redefined class name=com.assignment_17.App, count=1
Event: 426.756 Thread 0x000002666966e210 redefined class name=com.assignment_17.App, count=2
Event: 467.231 Thread 0x000002666966e210 redefined class name=com.assignment_17.App, count=3

Internal exceptions (4 events):
Event: 0.276 Thread 0x0000026646705670 Exception <a 'java/lang/NoSuchMethodError'{0x000000074ec48148}: 'void java.lang.invoke.DirectMethodHandle$Holder.invokeStatic(java.lang.Object, java.lang.Object)'> (0x000000074ec48148) 
thrown [./open/src/hotspot/share/interpreter/linkResolver.cpp, line 782]
Event: 0.276 Thread 0x0000026646705670 Exception <a 'java/lang/NoSuchMethodError'{0x000000074ec4bdf0}: 'void java.lang.invoke.DirectMethodHandle$Holder.invokeStaticInit(java.lang.Object, java.lang.Object)'> (0x000000074ec4bdf0) 
thrown [./open/src/hotspot/share/interpreter/linkResolver.cpp, line 782]
Event: 0.336 Thread 0x0000026646705670 Exception <a 'java/lang/NoSuchMethodError'{0x000000074ede67e0}: 'java.lang.Object java.lang.invoke.DirectMethodHandle$Holder.invokeStatic(java.lang.Object)'> (0x000000074ede67e0) 
thrown [./open/src/hotspot/share/interpreter/linkResolver.cpp, line 782]
Event: 469.660 Thread 0x000002666a282780 Exception <a 'java/lang/LinkageError'{0x000000074efcdd88}> (0x000000074efcdd88) 
thrown [./open/src/hotspot/share/oops/generateOopMap.cpp, line 2137]

Events (20 events):
Event: 426.776 Executing VM operation: GetFrameCount
Event: 426.777 Executing VM operation: GetFrameCount done
Event: 426.777 Executing VM operation: GetStackTrace
Event: 426.777 Executing VM operation: GetStackTrace done
Event: 427.053 Executing VM operation: GetFrameCount
Event: 427.053 Executing VM operation: GetFrameCount done
Event: 467.230 Executing VM operation: RedefineClasses
Event: 467.232 Executing VM operation: RedefineClasses done
Event: 467.237 Executing VM operation: ChangeBreakpoints
Event: 467.237 Executing VM operation: ChangeBreakpoints done
Event: 467.241 Executing VM operation: ChangeBreakpoints
Event: 467.242 Executing VM operation: ChangeBreakpoints done
Event: 467.245 Executing VM operation: ChangeBreakpoints
Event: 467.245 Executing VM operation: ChangeBreakpoints done
Event: 467.246 Executing VM operation: GetFrameCount
Event: 467.246 Executing VM operation: GetFrameCount done
Event: 467.246 Executing VM operation: GetStackTrace
Event: 467.246 Executing VM operation: GetStackTrace done
Event: 467.286 Executing VM operation: GetFrameCount
Event: 467.286 Executing VM operation: GetFrameCount done


Dynamic libraries:
0x00007ff7c1820000 - 0x00007ff7c182f000 	C:\Program Files\Java\jdk-15.0.2\bin\javaw.exe
0x00007ffb94e60000 - 0x00007ffb95064000 	C:\WINDOWS\SYSTEM32\ntdll.dll
0x00007ffb93510000 - 0x00007ffb935cd000 	C:\WINDOWS\System32\KERNEL32.DLL
0x00007ffb92860000 - 0x00007ffb92bcb000 	C:\WINDOWS\System32\KERNELBASE.dll
0x00007ffb8f100000 - 0x00007ffb8f192000 	C:\WINDOWS\SYSTEM32\apphelp.dll
0x00007ffb925e0000 - 0x00007ffb926f0000 	C:\WINDOWS\System32\ucrtbase.dll
0x00007ffb8ccd0000 - 0x00007ffb8cce8000 	C:\Program Files\Java\jdk-15.0.2\bin\jli.dll
0x00007ffb80f30000 - 0x00007ffb80f49000 	C:\Program Files\Java\jdk-15.0.2\bin\VCRUNTIME140.dll
0x00007ffb94720000 - 0x00007ffb947cc000 	C:\WINDOWS\System32\ADVAPI32.dll
0x00007ffb937a0000 - 0x00007ffb93843000 	C:\WINDOWS\System32\msvcrt.dll
0x00007ffb93210000 - 0x00007ffb932ae000 	C:\WINDOWS\System32\sechost.dll
0x00007ffb92f50000 - 0x00007ffb93070000 	C:\WINDOWS\System32\RPCRT4.dll
0x00007ffb94100000 - 0x00007ffb942af000 	C:\WINDOWS\System32\USER32.dll
0x00007ffb92c40000 - 0x00007ffb92c66000 	C:\WINDOWS\System32\win32u.dll
0x00007ffb7ada0000 - 0x00007ffb7b045000 	C:\WINDOWS\WinSxS\amd64_microsoft.windows.common-controls_6595b64144ccf1df_6.0.21343.1000_none_59f4c1071028aa42\COMCTL32.dll
0x00007ffb932b0000 - 0x00007ffb932d9000 	C:\WINDOWS\System32\GDI32.dll
0x00007ffb924c0000 - 0x00007ffb925d1000 	C:\WINDOWS\System32\gdi32full.dll
0x00007ffb92420000 - 0x00007ffb924bd000 	C:\WINDOWS\System32\msvcp_win.dll
0x00007ffb89050000 - 0x00007ffb8905a000 	C:\WINDOWS\SYSTEM32\VERSION.dll
0x00007ffb93950000 - 0x00007ffb93981000 	C:\WINDOWS\System32\IMM32.DLL
0x00007ffb81670000 - 0x00007ffb8167c000 	C:\Program Files\Java\jdk-15.0.2\bin\vcruntime140_1.dll
0x00007ffb70950000 - 0x00007ffb709e1000 	C:\Program Files\Java\jdk-15.0.2\bin\msvcp140.dll
0x00007ffb40d60000 - 0x00007ffb418be000 	C:\Program Files\Java\jdk-15.0.2\bin\server\jvm.dll
0x00007ffb92f40000 - 0x00007ffb92f48000 	C:\WINDOWS\System32\PSAPI.DLL
0x00007ffb7ad40000 - 0x00007ffb7ad49000 	C:\WINDOWS\SYSTEM32\WSOCK32.dll
0x00007ffb8f1d0000 - 0x00007ffb8f200000 	C:\WINDOWS\SYSTEM32\WINMM.dll
0x00007ffb93440000 - 0x00007ffb934b0000 	C:\WINDOWS\System32\WS2_32.dll
0x00007ffb91650000 - 0x00007ffb91667000 	C:\WINDOWS\SYSTEM32\kernel.appcore.dll
0x00007ffb8ccb0000 - 0x00007ffb8ccba000 	C:\Program Files\Java\jdk-15.0.2\bin\jimage.dll
0x00007ffb8fa10000 - 0x00007ffb8fc3c000 	C:\WINDOWS\SYSTEM32\DBGHELP.DLL
0x00007ffb815d0000 - 0x00007ffb81600000 	C:\WINDOWS\SYSTEM32\dbgcore.DLL
0x00007ffb92c70000 - 0x00007ffb92cef000 	C:\WINDOWS\System32\bcryptPrimitives.dll
0x00007ffb82f00000 - 0x00007ffb82f39000 	C:\Program Files\Java\jdk-15.0.2\bin\jdwp.dll
0x00007ffb82ef0000 - 0x00007ffb82efe000 	C:\Program Files\Java\jdk-15.0.2\bin\instrument.dll
0x00007ffb826c0000 - 0x00007ffb826e5000 	C:\Program Files\Java\jdk-15.0.2\bin\java.dll
0x00007ffb93990000 - 0x00007ffb940fe000 	C:\WINDOWS\System32\SHELL32.dll
0x00007ffb905f0000 - 0x00007ffb90e56000 	C:\WINDOWS\SYSTEM32\windows.storage.dll
0x00007ffb949d0000 - 0x00007ffb94d44000 	C:\WINDOWS\System32\combase.dll
0x00007ffb936b0000 - 0x00007ffb9379e000 	C:\WINDOWS\System32\SHCORE.dll
0x00007ffb934b0000 - 0x00007ffb9350e000 	C:\WINDOWS\System32\shlwapi.dll
0x00007ffb92350000 - 0x00007ffb92371000 	C:\WINDOWS\SYSTEM32\profapi.dll
0x00007ffb80fc0000 - 0x00007ffb80fcb000 	C:\Program Files\Java\jdk-15.0.2\bin\dt_socket.dll
0x00007ffb91190000 - 0x00007ffb911bd000 	C:\WINDOWS\SYSTEM32\IPHLPAPI.DLL
0x00007ffb91a70000 - 0x00007ffb91ad7000 	C:\WINDOWS\system32\mswsock.dll
0x00007ffb91200000 - 0x00007ffb912eb000 	C:\WINDOWS\SYSTEM32\DNSAPI.dll
0x00007ffb932f0000 - 0x00007ffb932f9000 	C:\WINDOWS\System32\NSI.dll
0x00007ffb8a5a0000 - 0x00007ffb8a5aa000 	C:\Windows\System32\rasadhlp.dll
0x00007ffb8aa30000 - 0x00007ffb8aab1000 	C:\WINDOWS\System32\fwpuclnt.dll
0x00007ffb83170000 - 0x00007ffb83188000 	C:\Program Files\Java\jdk-15.0.2\bin\zip.dll
0x00007ffb89ef0000 - 0x00007ffb89f09000 	C:\Program Files\Java\jdk-15.0.2\bin\net.dll
0x00007ffb8d0e0000 - 0x00007ffb8d1ea000 	C:\WINDOWS\SYSTEM32\WINHTTP.dll
0x00007ffb83f60000 - 0x00007ffb83f72000 	C:\Program Files\Java\jdk-15.0.2\bin\nio.dll
0x00007ffb8cca0000 - 0x00007ffb8ccb0000 	C:\Program Files\Java\jdk-15.0.2\bin\verify.dll

dbghelp: loaded successfully - version: 4.0.5 - missing functions: none
symbol engine: initialized successfully - sym options: 0x614 - pdb path: .;C:\Program Files\Java\jdk-15.0.2\bin;C:\WINDOWS\SYSTEM32;C:\WINDOWS\WinSxS\amd64_microsoft.windows.common-controls_6595b64144ccf1df_6.0.21343.1000_none_59f4c1071028aa42;C:\Program Files\Java\jdk-15.0.2\bin\server

VM Arguments:
jvm_args: -XX:+ShowCodeDetailsInExceptionMessages -agentlib:jdwp=transport=dt_socket,suspend=y,address=localhost:55503 -javaagent:C:\Users\sushi\eclipse\java-2020-12\eclipse\configuration\org.eclipse.osgi\220\0\.cp\lib\javaagent-shaded.jar -Dfile.encoding=Cp1252 
java_command: com.assignment_17.App
java_class_path (initial): C:\Users\sushi\IT_TooL_Assignment\IT_tool_Assignment\bin
Launcher Type: SUN_STANDARD

[Global flags]
     intx CICompilerCount                          = 4                                         {product} {ergonomic}
     uint ConcGCThreads                            = 2                                         {product} {ergonomic}
     uint G1ConcRefinementThreads                  = 8                                         {product} {ergonomic}
   size_t G1HeapRegionSize                         = 2097152                                   {product} {ergonomic}
    uintx GCDrainStackTargetSize                   = 64                                        {product} {ergonomic}
   size_t InitialHeapSize                          = 199229440                                 {product} {ergonomic}
   size_t MarkStackSize                            = 4194304                                   {product} {ergonomic}
   size_t MaxHeapSize                              = 3168796672                                {product} {ergonomic}
   size_t MaxNewSize                               = 1900019712                                {product} {ergonomic}
   size_t MinHeapDeltaBytes                        = 2097152                                   {product} {ergonomic}
   size_t MinHeapSize                              = 8388608                                   {product} {ergonomic}
    uintx NonNMethodCodeHeapSize                   = 5839372                                {pd product} {ergonomic}
    uintx NonProfiledCodeHeapSize                  = 122909434                              {pd product} {ergonomic}
    uintx ProfiledCodeHeapSize                     = 122909434                              {pd product} {ergonomic}
    uintx ReservedCodeCacheSize                    = 251658240                              {pd product} {ergonomic}
     bool SegmentedCodeCache                       = true                                      {product} {ergonomic}
     bool ShowCodeDetailsInExceptionMessages       = true                                   {manageable} {command line}
   size_t SoftMaxHeapSize                          = 3168796672                             {manageable} {ergonomic}
     bool UseCompressedClassPointers               = true                                 {lp64_product} {ergonomic}
     bool UseCompressedOops                        = true                                 {lp64_product} {ergonomic}
     bool UseG1GC                                  = true                                      {product} {ergonomic}
     bool UseLargePagesIndividualAllocation        = false                                  {pd product} {ergonomic}

Logging:
Log output configuration:
 #0: stdout all=warning uptime,level,tags
 #1: stderr all=off uptime,level,tags

Environment Variables:
PATH=C:/Program Files/Java/jdk-15.0.2/bin/server;C:/Program Files/Java/jdk-15.0.2/bin;C:\Program Files\Common Files\Oracle\Java\javapath;C:\WINDOWS\system32;C:\WINDOWS;C:\WINDOWS\System32\Wbem;C:\WINDOWS\System32\WindowsPowerShell\v1.0\;C:\WINDOWS\System32\OpenSSH\;C:\Program Files\MySQL\MySQL Shell 8.0\bin\;C:\Users\sushi\AppData\Local\Microsoft\WindowsApps;;C:\Users\sushi\AppData\Local\Programs\Microsoft VS Code\bin;C:\Users\sushi\Desktop;
USERNAME=sushi
OS=Windows_NT
PROCESSOR_IDENTIFIER=Intel64 Family 6 Model 142 Stepping 12, GenuineIntel



---------------  S Y S T E M  ---------------

OS:
 Windows 10 , 64 bit Build 21343 (10.0.21343.1000)
OS uptime: 6 days 4:56 hours

CPU: total 8 (initial active 8) (4 cores per cpu, 2 threads per core) family 6 model 142 stepping 12 microcode 0xde, cmov, cx8, fxsr, mmx, sse, sse2, sse3, ssse3, sse4.1, sse4.2, popcnt, vzeroupper, avx, avx2, aes, clmul, erms, 3dnowpref, lzcnt, ht, tsc, tscinvbit, bmi1, bmi2, adx, fma, clflush, clflushopt

Memory: 4k page, system-wide physical 12084M (6482M free)
TotalPageFile size 13940M (AvailPageFile size 4614M)
current process WorkingSet (physical memory assigned to process): 45M, peak: 47M
current process commit charge ("private bytes"): 279M, peak: 283M

vm_info: Java HotSpot(TM) 64-Bit Server VM (15.0.2+7-27) for windows-amd64 JRE (15.0.2+7-27), built on Dec  7 2020 20:07:01 by "mach5one" with unknown MS VC++:1925

END.
